<?xml version="1.0" encoding="UTF-8"?>
<!-- Generated by org.testng.reporters.JUnitReportReporter -->
<testsuite hostname="PS040" failures="0" tests="1" name="com.test.Reports_AccountReportingTest" time="126.136" errors="0" timestamp="2025-06-10T15:00:58 IST" skipped="0">
  <testcase classname="com.test.Reports_AccountReportingTest" name="AccountReportingTest_Fedwire" time="126.136"/>
</testsuite> <!-- com.test.Reports_AccountReportingTest -->
