<?xml version="1.0" encoding="UTF-8"?>
<!-- Generated by org.testng.reporters.JUnitReportReporter -->
<testsuite hostname="PS040" failures="0" tests="1" name="com.test.LoginTest" time="0.533" errors="0" timestamp="2025-06-12T16:21:29 IST" skipped="0">
  <testcase classname="com.test.LoginTest" name="Login" time="0.533"/>
</testsuite> <!-- com.test.LoginTest -->
