<?xml version="1.0" encoding="UTF-8"?>
<!-- Generated by org.testng.reporters.JUnitReportReporter -->
<testsuite hostname="PS040" failures="0" tests="1" name="com.test.BatchsTest" time="17.315" errors="0" timestamp="2025-06-10T12:19:17 IST" skipped="0">
  <testcase classname="com.test.BatchsTest" name="BatchsRun" time="17.315"/>
</testsuite> <!-- com.test.BatchsTest -->
