<?xml version="1.0" encoding="UTF-8"?>
<!-- Generated by org.testng.reporters.JUnitReportReporter -->
<testsuite hostname="PS040" failures="0" tests="2" name="IndividualFlows.Reports_BroadcastMessagesFedwire" time="70.187" errors="0" timestamp="2025-06-12T12:10:59 IST" skipped="0">
  <testcase classname="IndividualFlows.Reports_BroadcastMessagesFedwire" name="BroadcastMessages_Fedwire_PB" time="22.197"/>
  <testcase classname="IndividualFlows.Reports_BroadcastMessagesFedwire" name="BroadcastMessages_Fedwire_FB" time="47.990"/>
</testsuite> <!-- IndividualFlows.Reports_BroadcastMessagesFedwire -->
