<?xml version="1.0" encoding="UTF-8"?>
<!-- Generated by org.testng.reporters.JUnitReportReporter -->
<testsuite hostname="PS040" failures="0" tests="1" name="com.test.BatchTest" time="6.513" errors="0" timestamp="2025-06-10T10:13:09 IST" skipped="0">
  <testcase classname="com.test.BatchTest" name="Batchcreation" time="6.513"/>
</testsuite> <!-- com.test.BatchTest -->
