<?xml version="1.0" encoding="UTF-8"?>
<!-- Generated by org.testng.reporters.JUnitReportReporter -->
<testsuite hostname="PS040" failures="0" tests="1" name="IndividualFlows.Fedwire_ExecutionsSummaryTest" time="19.049" errors="0" timestamp="2025-06-12T16:21:29 IST" skipped="0">
  <testcase classname="IndividualFlows.Fedwire_ExecutionsSummaryTest" name="FedwireBatchExecutionSummaryResults" time="19.049"/>
</testsuite> <!-- IndividualFlows.Fedwire_ExecutionsSummaryTest -->
