<?xml version="1.0" encoding="UTF-8"?>
<!-- Generated by org.testng.reporters.JUnitReportReporter -->
<testsuite hostname="PS040" failures="0" tests="2" name="com.test.Reports_RetrivalRequestTest" time="59.604" errors="0" timestamp="2025-06-10T15:00:58 IST" skipped="0">
  <testcase classname="com.test.Reports_RetrivalRequestTest" name="RetrivalRequestTest_Fedwire" time="31.223"/>
  <testcase classname="com.test.Reports_RetrivalRequestTest" name="RetrivalRequestTest_FedNow" time="28.381"/>
</testsuite> <!-- com.test.Reports_RetrivalRequestTest -->
