<?xml version="1.0" encoding="UTF-8"?>
<!-- Generated by org.testng.reporters.JUnitReportReporter -->
<testsuite hostname="PS040" failures="0" tests="1" name="com.test.LoginTest" time="0.632" errors="0" timestamp="2025-06-12T12:10:59 IST" skipped="0">
  <testcase classname="com.test.LoginTest" name="Login" time="0.632"/>
</testsuite> <!-- com.test.LoginTest -->
