<?xml version="1.0" encoding="UTF-8"?>
<!-- Generated by org.testng.reporters.JUnitReportReporter -->
<testsuite hostname="PS040" failures="0" tests="1" name="IndividualFlows.Reports_BroadcastMessagesFednow" time="21.917" errors="0" timestamp="2025-06-12T16:21:29 IST" skipped="0">
  <testcase classname="IndividualFlows.Reports_BroadcastMessagesFednow" name="BroadcastMessages_FedNow_PB" time="21.917"/>
</testsuite> <!-- IndividualFlows.Reports_BroadcastMessagesFednow -->
