<?xml version="1.0" encoding="UTF-8"?>
<!-- Generated by org.testng.reporters.JUnitReportReporter -->
<testsuite hostname="PS040" failures="0" tests="1" name="IndividualFlows.Fedwire_ExecutionsSummaryTest" time="139.617" errors="0" timestamp="2025-06-12T12:10:59 IST" skipped="0">
  <testcase classname="IndividualFlows.Fedwire_ExecutionsSummaryTest" name="FedwireBatchExecutionSummaryResults" time="139.617"/>
</testsuite> <!-- IndividualFlows.Fedwire_ExecutionsSummaryTest -->
