<?xml version="1.0" encoding="UTF-8"?>
<!-- Generated by org.testng.reporters.JUnitReportReporter -->
<testsuite hostname="PS040" failures="0" tests="1" name="com.test.MultiBatchsTest" time="17.159" errors="0" timestamp="2025-06-10T13:27:19 IST" skipped="0">
  <testcase classname="com.test.MultiBatchsTest" name="BatchsRun" time="17.159"/>
</testsuite> <!-- com.test.MultiBatchsTest -->
