<?xml version="1.0" encoding="UTF-8"?>
<!-- Generated by org.testng.reporters.JUnitReportReporter -->
<testsuite hostname="PS040" failures="0" tests="2" name="com.test.Reports_ParticipantFileTest" time="43.246" errors="0" timestamp="2025-06-10T15:00:58 IST" skipped="0">
  <testcase classname="com.test.Reports_ParticipantFileTest" name="ParticipantFile_Fedwire" time="22.741"/>
  <testcase classname="com.test.Reports_ParticipantFileTest" name="ParticipantFile_FedNow" time="20.505"/>
</testsuite> <!-- com.test.Reports_ParticipantFileTest -->
