<?xml version="1.0" encoding="UTF-8"?>
<!-- Generated by org.testng.reporters.JUnitReportReporter -->
<testsuite hostname="PS040" failures="0" tests="3" name="com.test.Reports_BroadcastMessagesTest" time="94.296" errors="0" timestamp="2025-06-10T15:00:58 IST" skipped="0">
  <testcase classname="com.test.Reports_BroadcastMessagesTest" name="BroadcastMessages_Fedwire_PB" time="22.677"/>
  <testcase classname="com.test.Reports_BroadcastMessagesTest" name="BroadcastMessages_Fedwire_FB" time="48.895"/>
  <testcase classname="com.test.Reports_BroadcastMessagesTest" name="BroadcastMessages_FedNow_PB" time="22.724"/>
</testsuite> <!-- com.test.Reports_BroadcastMessagesTest -->
