<?xml version="1.0" encoding="UTF-8"?>
<!-- Generated by org.testng.reporters.JUnitReportReporter -->
<testsuite hostname="PS040" failures="0" tests="1" name="com.test.FedwireBatchTest" time="2.277" errors="0" timestamp="2025-06-10T18:34:06 IST" skipped="0">
  <testcase classname="com.test.FedwireBatchTest" name="Batchcreation" time="2.277"/>
</testsuite> <!-- com.test.FedwireBatchTest -->
