<?xml version="1.0" encoding="UTF-8"?>
<!-- Generated by org.testng.reporters.JUnitReportReporter -->
<testsuite hostname="PS040" failures="0" tests="1" name="IndividualFlows.Reports_AccountReportingFedwire" time="94.910" errors="0" timestamp="2025-06-11T11:33:08 IST" skipped="0">
  <testcase classname="IndividualFlows.Reports_AccountReportingFedwire" name="AccountReportingTest_Fedwire" time="94.910"/>
</testsuite> <!-- IndividualFlows.Reports_AccountReportingFedwire -->
