<?xml version="1.0" encoding="UTF-8"?>
<!-- Generated by org.testng.reporters.JUnitReportReporter -->
<testsuite hostname="PS040" failures="0" tests="2" name="IndividualFlows.Reports_BroadcastMessagesFedwire" time="67.614" errors="0" timestamp="2025-06-11T11:33:08 IST" skipped="0">
  <testcase classname="IndividualFlows.Reports_BroadcastMessagesFedwire" name="BroadcastMessages_Fedwire_PB" time="21.325"/>
  <testcase classname="IndividualFlows.Reports_BroadcastMessagesFedwire" name="BroadcastMessages_Fedwire_FB" time="46.289"/>
</testsuite> <!-- IndividualFlows.Reports_BroadcastMessagesFedwire -->
