<?xml version="1.0" encoding="UTF-8"?>
<!-- Generated by org.testng.reporters.JUnitReportReporter -->
<testsuite hostname="PS040" failures="0" tests="1" name="com.test.FednowBatchTest" time="6.142" errors="0" timestamp="2025-06-10T18:34:06 IST" skipped="0">
  <testcase classname="com.test.FednowBatchTest" name="Batchcreation" time="6.142"/>
</testsuite> <!-- com.test.FednowBatchTest -->
