<?xml version="1.0" encoding="UTF-8"?>
<!-- Generated by org.testng.reporters.JUnitReportReporter -->
<testsuite hostname="PS040" failures="0" tests="1" name="IndividualFlows.Fednow_ExecutionsSummary" time="102.268" errors="0" timestamp="2025-06-11T11:33:08 IST" skipped="0">
  <testcase classname="IndividualFlows.Fednow_ExecutionsSummary" name="FednowBatchExecutionSummaryResults" time="102.268"/>
</testsuite> <!-- IndividualFlows.Fednow_ExecutionsSummary -->
